<?xml version="1.0" encoding="UTF-8"?>
<!-- Generated by org.testng.reporters.JUnitReportReporter -->
<testsuite skipped="0" hostname="HANDHELP-30266" name="br.com.icostalima.tasks.apitest.APITest" tests="3" failures="0" timestamp="2022-05-12T16:53:17 BRT" time="2.166" errors="0">
  <testcase name="deveRetornarTarefas" time="0.036" classname="br.com.icostalima.tasks.apitest.APITest"/>
  <system-out/>
  <testcase name="deveAdicionarTarefaComSucesso" time="1.524" classname="br.com.icostalima.tasks.apitest.APITest"/>
  <system-out/>
  <testcase name="naoDeveAdicionarTarefaInvalida" time="0.606" classname="br.com.icostalima.tasks.apitest.APITest"/>
  <system-out/>
</testsuite> <!-- br.com.icostalima.tasks.apitest.APITest -->
